{"contracts/BaseDronParcela.sol":{"l":{"15":3,"19":0,"20":0,"24":9,"25":9,"26":9},"path":"/home/jsteer/Workspaces/TFE/source/contracts/BaseDronParcela.sol","s":{"1":3,"2":0,"3":0,"4":9,"5":9,"6":9},"b":{"1":[0,0]},"f":{"1":6,"2":3,"3":0,"4":9},"fnMap":{"1":{"name":"constructor","line":12,"loc":{"start":{"line":12,"column":4},"end":{"line":12,"column":26}}},"2":{"name":"getNumeroTokens","line":14,"loc":{"start":{"line":14,"column":4},"end":{"line":16,"column":4}}},"3":{"name":"getTokenIdByIndex","line":18,"loc":{"start":{"line":18,"column":4},"end":{"line":21,"column":4}}},"4":{"name":"mint","line":23,"loc":{"start":{"line":23,"column":4},"end":{"line":27,"column":4}}}},"statementMap":{"1":{"start":{"line":15,"column":8},"end":{"line":15,"column":37}},"2":{"start":{"line":19,"column":8},"end":{"line":19,"column":41}},"3":{"start":{"line":20,"column":8},"end":{"line":20,"column":54}},"4":{"start":{"line":24,"column":8},"end":{"line":24,"column":29}},"5":{"start":{"line":25,"column":8},"end":{"line":25,"column":28}},"6":{"start":{"line":26,"column":8},"end":{"line":26,"column":22}}},"branchMap":{"1":{"line":19,"type":"if","locations":[{"start":{"line":19,"column":8},"end":{"line":19,"column":8}},{"start":{"line":19,"column":8},"end":{"line":19,"column":8}}]}}},"contracts/Dron.sol":{"l":{"14":3,"15":3,"16":3,"17":3,"18":3,"19":3,"20":3,"21":3,"22":3,"26":0,"30":0,"34":3},"path":"/home/jsteer/Workspaces/TFE/source/contracts/Dron.sol","s":{"1":3,"2":3,"3":3,"4":3,"5":3,"6":3,"7":3,"8":3,"9":3,"10":0,"11":0,"12":3},"b":{"1":[3,0],"2":[3,0],"3":[3,0]},"f":{"1":3,"2":3,"3":0,"4":0,"5":3},"fnMap":{"1":{"name":"constructor","line":11,"loc":{"start":{"line":11,"column":4},"end":{"line":11,"column":60}}},"2":{"name":"crearDron","line":13,"loc":{"start":{"line":13,"column":4},"end":{"line":23,"column":4}}},"3":{"name":"getCounter","line":25,"loc":{"start":{"line":25,"column":4},"end":{"line":27,"column":4}}},"4":{"name":"getTokenIdByIndex","line":29,"loc":{"start":{"line":29,"column":4},"end":{"line":31,"column":4}}},"5":{"name":"getDron","line":33,"loc":{"start":{"line":33,"column":4},"end":{"line":35,"column":4}}}},"statementMap":{"1":{"start":{"line":14,"column":8},"end":{"line":14,"column":36}},"2":{"start":{"line":15,"column":8},"end":{"line":15,"column":41}},"3":{"start":{"line":16,"column":8},"end":{"line":16,"column":57}},"4":{"start":{"line":17,"column":8},"end":{"line":17,"column":37}},"5":{"start":{"line":18,"column":8},"end":{"line":18,"column":27}},"6":{"start":{"line":19,"column":8},"end":{"line":19,"column":29}},"7":{"start":{"line":20,"column":8},"end":{"line":20,"column":29}},"8":{"start":{"line":21,"column":8},"end":{"line":21,"column":25}},"9":{"start":{"line":22,"column":8},"end":{"line":22,"column":59}},"10":{"start":{"line":26,"column":8},"end":{"line":26,"column":22}},"11":{"start":{"line":30,"column":8},"end":{"line":30,"column":51}},"12":{"start":{"line":34,"column":8},"end":{"line":34,"column":92}}},"branchMap":{"1":{"line":14,"type":"if","locations":[{"start":{"line":14,"column":8},"end":{"line":14,"column":8}},{"start":{"line":14,"column":8},"end":{"line":14,"column":8}}]},"2":{"line":15,"type":"if","locations":[{"start":{"line":15,"column":8},"end":{"line":15,"column":8}},{"start":{"line":15,"column":8},"end":{"line":15,"column":8}}]},"3":{"line":16,"type":"if","locations":[{"start":{"line":16,"column":8},"end":{"line":16,"column":8}},{"start":{"line":16,"column":8},"end":{"line":16,"column":8}}]}}},"contracts/FumiCoin.sol":{"l":{"12":3,"16":4},"path":"/home/jsteer/Workspaces/TFE/source/contracts/FumiCoin.sol","s":{"1":3,"2":4},"b":{},"f":{"1":3,"2":3,"3":4},"fnMap":{"1":{"name":"constructor","line":9,"loc":{"start":{"line":9,"column":4},"end":{"line":9,"column":63}}},"2":{"name":"mint","line":11,"loc":{"start":{"line":11,"column":4},"end":{"line":13,"column":4}}},"3":{"name":"getBalance","line":15,"loc":{"start":{"line":15,"column":4},"end":{"line":17,"column":4}}}},"statementMap":{"1":{"start":{"line":12,"column":8},"end":{"line":12,"column":24}},"2":{"start":{"line":16,"column":8},"end":{"line":16,"column":36}}},"branchMap":{}},"contracts/FumigaDron.sol":{"l":{"14":3,"15":3,"16":3,"20":1,"24":0,"25":0,"29":6,"30":6},"path":"/home/jsteer/Workspaces/TFE/source/contracts/FumigaDron.sol","s":{"1":3,"2":3,"3":3,"4":1,"5":0,"6":0,"7":6,"8":6},"b":{"1":[0,0]},"f":{"1":3,"2":1,"3":0,"4":6},"fnMap":{"1":{"name":"constructor","line":13,"loc":{"start":{"line":13,"column":4},"end":{"line":17,"column":4}}},"2":{"name":"getNombreEmpresa","line":19,"loc":{"start":{"line":19,"column":4},"end":{"line":21,"column":4}}},"3":{"name":"setNombreEmpresa","line":23,"loc":{"start":{"line":23,"column":4},"end":{"line":26,"column":4}}},"4":{"name":"realizarTrabajo","line":28,"loc":{"start":{"line":28,"column":4},"end":{"line":31,"column":4}}}},"statementMap":{"1":{"start":{"line":14,"column":9},"end":{"line":14,"column":39}},"2":{"start":{"line":15,"column":8},"end":{"line":15,"column":57}},"3":{"start":{"line":16,"column":8},"end":{"line":16,"column":45}},"4":{"start":{"line":20,"column":8},"end":{"line":20,"column":29}},"5":{"start":{"line":24,"column":8},"end":{"line":24,"column":48}},"6":{"start":{"line":25,"column":8},"end":{"line":25,"column":37}},"7":{"start":{"line":29,"column":8},"end":{"line":29,"column":56}},"8":{"start":{"line":30,"column":8},"end":{"line":30,"column":41}}},"branchMap":{"1":{"line":24,"type":"if","locations":[{"start":{"line":24,"column":8},"end":{"line":24,"column":8}},{"start":{"line":24,"column":8},"end":{"line":24,"column":8}}]}}},"contracts/OpenZeppelin/introspection/ERC165.sol":{"l":{"30":6,"41":0,"50":24,"51":24},"path":"/home/jsteer/Workspaces/TFE/source/contracts/OpenZeppelin/introspection/ERC165.sol","s":{"1":6,"2":0,"3":24,"4":24},"b":{"1":[24,0]},"f":{"1":6,"2":0,"3":24},"fnMap":{"1":{"name":"constructor","line":27,"loc":{"start":{"line":27,"column":2},"end":{"line":31,"column":2}}},"2":{"name":"supportsInterface","line":36,"loc":{"start":{"line":36,"column":2},"end":{"line":42,"column":2}}},"3":{"name":"_registerInterface","line":47,"loc":{"start":{"line":47,"column":2},"end":{"line":52,"column":2}}}},"statementMap":{"1":{"start":{"line":30,"column":4},"end":{"line":30,"column":42}},"2":{"start":{"line":41,"column":4},"end":{"line":41,"column":44}},"3":{"start":{"line":50,"column":4},"end":{"line":50,"column":37}},"4":{"start":{"line":51,"column":4},"end":{"line":51,"column":43}}},"branchMap":{"1":{"line":50,"type":"if","locations":[{"start":{"line":50,"column":4},"end":{"line":50,"column":4}},{"start":{"line":50,"column":4},"end":{"line":50,"column":4}}]}}},"contracts/OpenZeppelin/introspection/IERC165.sol":{"l":{},"path":"/home/jsteer/Workspaces/TFE/source/contracts/OpenZeppelin/introspection/IERC165.sol","s":{},"b":{},"f":{},"fnMap":{},"statementMap":{},"branchMap":{}},"contracts/OpenZeppelin/math/SafeMath.sol":{"l":{"16":0,"17":0,"20":0,"21":0,"23":0,"30":0,"31":0,"34":0,"41":0,"42":0,"44":0,"51":15,"52":15,"54":15,"62":0,"63":0},"path":"/home/jsteer/Workspaces/TFE/source/contracts/OpenZeppelin/math/SafeMath.sol","s":{"1":0,"2":0,"3":0,"4":0,"5":0,"6":0,"7":0,"8":0,"9":0,"10":0,"11":0,"12":15,"13":15,"14":15,"15":0,"16":0},"b":{"1":[0,0],"2":[0,0],"3":[0,0],"4":[0,0],"5":[15,0],"6":[0,0]},"f":{"1":0,"2":0,"3":0,"4":15,"5":0},"fnMap":{"1":{"name":"mul","line":12,"loc":{"start":{"line":12,"column":2},"end":{"line":24,"column":2}}},"2":{"name":"div","line":29,"loc":{"start":{"line":29,"column":2},"end":{"line":35,"column":2}}},"3":{"name":"sub","line":40,"loc":{"start":{"line":40,"column":2},"end":{"line":45,"column":2}}},"4":{"name":"add","line":50,"loc":{"start":{"line":50,"column":2},"end":{"line":55,"column":2}}},"5":{"name":"mod","line":61,"loc":{"start":{"line":61,"column":2},"end":{"line":64,"column":2}}}},"statementMap":{"1":{"start":{"line":16,"column":4},"end":{"line":16,"column":487}},"2":{"start":{"line":17,"column":6},"end":{"line":17,"column":14}},"3":{"start":{"line":20,"column":4},"end":{"line":20,"column":21}},"4":{"start":{"line":21,"column":4},"end":{"line":21,"column":22}},"5":{"start":{"line":23,"column":4},"end":{"line":23,"column":12}},"6":{"start":{"line":30,"column":4},"end":{"line":30,"column":17}},"7":{"start":{"line":31,"column":4},"end":{"line":31,"column":21}},"8":{"start":{"line":34,"column":4},"end":{"line":34,"column":12}},"9":{"start":{"line":41,"column":4},"end":{"line":41,"column":18}},"10":{"start":{"line":42,"column":4},"end":{"line":42,"column":21}},"11":{"start":{"line":44,"column":4},"end":{"line":44,"column":12}},"12":{"start":{"line":51,"column":4},"end":{"line":51,"column":21}},"13":{"start":{"line":52,"column":4},"end":{"line":52,"column":18}},"14":{"start":{"line":54,"column":4},"end":{"line":54,"column":12}},"15":{"start":{"line":62,"column":4},"end":{"line":62,"column":18}},"16":{"start":{"line":63,"column":4},"end":{"line":63,"column":16}}},"branchMap":{"1":{"line":16,"type":"if","locations":[{"start":{"line":16,"column":4},"end":{"line":16,"column":4}},{"start":{"line":16,"column":4},"end":{"line":16,"column":4}}]},"2":{"line":21,"type":"if","locations":[{"start":{"line":21,"column":4},"end":{"line":21,"column":4}},{"start":{"line":21,"column":4},"end":{"line":21,"column":4}}]},"3":{"line":30,"type":"if","locations":[{"start":{"line":30,"column":4},"end":{"line":30,"column":4}},{"start":{"line":30,"column":4},"end":{"line":30,"column":4}}]},"4":{"line":41,"type":"if","locations":[{"start":{"line":41,"column":4},"end":{"line":41,"column":4}},{"start":{"line":41,"column":4},"end":{"line":41,"column":4}}]},"5":{"line":52,"type":"if","locations":[{"start":{"line":52,"column":4},"end":{"line":52,"column":4}},{"start":{"line":52,"column":4},"end":{"line":52,"column":4}}]},"6":{"line":62,"type":"if","locations":[{"start":{"line":62,"column":4},"end":{"line":62,"column":4}},{"start":{"line":62,"column":4},"end":{"line":62,"column":4}}]}}},"contracts/OpenZeppelin/ownership/Ownable.sol":{"l":{"21":9,"22":9,"29":0,"36":9,"37":9,"44":9,"54":0,"55":0,"63":0,"71":0,"72":0,"73":0},"path":"/home/jsteer/Workspaces/TFE/source/contracts/OpenZeppelin/ownership/Ownable.sol","s":{"1":9,"2":9,"3":0,"4":9,"5":9,"6":0,"7":0,"8":0,"9":0,"10":0,"11":0},"b":{"1":[9,0],"2":[0,0]},"f":{"1":9,"2":0,"3":9,"4":9,"5":0,"6":0,"7":0},"fnMap":{"1":{"name":"constructor","line":20,"loc":{"start":{"line":20,"column":2},"end":{"line":23,"column":2}}},"2":{"name":"owner","line":28,"loc":{"start":{"line":28,"column":2},"end":{"line":30,"column":2}}},"3":{"name":"onlyOwner","line":35,"loc":{"start":{"line":35,"column":2},"end":{"line":38,"column":2}}},"4":{"name":"isOwner","line":43,"loc":{"start":{"line":43,"column":2},"end":{"line":45,"column":2}}},"5":{"name":"renounceOwnership","line":53,"loc":{"start":{"line":53,"column":2},"end":{"line":56,"column":2}}},"6":{"name":"transferOwnership","line":62,"loc":{"start":{"line":62,"column":2},"end":{"line":64,"column":2}}},"7":{"name":"_transferOwnership","line":70,"loc":{"start":{"line":70,"column":2},"end":{"line":74,"column":2}}}},"statementMap":{"1":{"start":{"line":21,"column":4},"end":{"line":21,"column":22}},"2":{"start":{"line":22,"column":4},"end":{"line":22,"column":49}},"3":{"start":{"line":29,"column":4},"end":{"line":29,"column":17}},"4":{"start":{"line":36,"column":4},"end":{"line":36,"column":21}},"5":{"start":{"line":44,"column":4},"end":{"line":44,"column":31}},"6":{"start":{"line":54,"column":4},"end":{"line":54,"column":49}},"7":{"start":{"line":55,"column":4},"end":{"line":55,"column":22}},"8":{"start":{"line":63,"column":4},"end":{"line":63,"column":31}},"9":{"start":{"line":71,"column":4},"end":{"line":71,"column":34}},"10":{"start":{"line":72,"column":4},"end":{"line":72,"column":47}},"11":{"start":{"line":73,"column":4},"end":{"line":73,"column":20}}},"branchMap":{"1":{"line":36,"type":"if","locations":[{"start":{"line":36,"column":4},"end":{"line":36,"column":4}},{"start":{"line":36,"column":4},"end":{"line":36,"column":4}}]},"2":{"line":71,"type":"if","locations":[{"start":{"line":71,"column":4},"end":{"line":71,"column":4}},{"start":{"line":71,"column":4},"end":{"line":71,"column":4}}]}}},"contracts/OpenZeppelin/token/ERC20/ERC20.sol":{"l":{"26":0,"35":4,"52":0,"61":0,"62":0,"75":0,"77":0,"78":0,"79":0,"96":0,"98":0,"99":0,"100":0,"119":0,"121":0,"123":0,"124":0,"143":0,"145":0,"147":0,"148":0,"158":0,"159":0,"161":0,"162":0,"163":0,"174":3,"175":3,"176":3,"177":3,"187":0,"188":0,"190":0,"191":0,"192":0,"203":0,"207":0,"209":0},"path":"/home/jsteer/Workspaces/TFE/source/contracts/OpenZeppelin/token/ERC20/ERC20.sol","s":{"1":0,"2":4,"3":0,"4":0,"5":0,"6":0,"7":0,"8":0,"9":0,"10":0,"11":0,"12":0,"13":0,"14":0,"15":0,"16":0,"17":0,"18":0,"19":0,"20":0,"21":0,"22":0,"23":0,"24":0,"25":0,"26":0,"27":3,"28":3,"29":3,"30":3,"31":0,"32":0,"33":0,"34":0,"35":0,"36":0,"37":0,"38":0},"b":{"1":[0,0],"2":[0,0],"3":[0,0],"4":[0,0],"5":[0,0],"6":[0,0],"7":[3,0],"8":[0,0],"9":[0,0],"10":[0,0]},"f":{"1":0,"2":4,"3":0,"4":0,"5":0,"6":0,"7":0,"8":0,"9":0,"10":3,"11":0,"12":0},"fnMap":{"1":{"name":"totalSupply","line":25,"loc":{"start":{"line":25,"column":2},"end":{"line":27,"column":2}}},"2":{"name":"balanceOf","line":34,"loc":{"start":{"line":34,"column":2},"end":{"line":36,"column":2}}},"3":{"name":"allowance","line":44,"loc":{"start":{"line":44,"column":2},"end":{"line":53,"column":2}}},"4":{"name":"transfer","line":60,"loc":{"start":{"line":60,"column":2},"end":{"line":63,"column":2}}},"5":{"name":"approve","line":74,"loc":{"start":{"line":74,"column":2},"end":{"line":80,"column":2}}},"6":{"name":"transferFrom","line":88,"loc":{"start":{"line":88,"column":2},"end":{"line":101,"column":2}}},"7":{"name":"increaseAllowance","line":112,"loc":{"start":{"line":112,"column":2},"end":{"line":125,"column":2}}},"8":{"name":"decreaseAllowance","line":136,"loc":{"start":{"line":136,"column":2},"end":{"line":149,"column":2}}},"9":{"name":"_transfer","line":157,"loc":{"start":{"line":157,"column":2},"end":{"line":164,"column":2}}},"10":{"name":"_mint","line":173,"loc":{"start":{"line":173,"column":2},"end":{"line":178,"column":2}}},"11":{"name":"_burn","line":186,"loc":{"start":{"line":186,"column":2},"end":{"line":193,"column":2}}},"12":{"name":"_burnFrom","line":202,"loc":{"start":{"line":202,"column":2},"end":{"line":210,"column":2}}}},"statementMap":{"1":{"start":{"line":26,"column":4},"end":{"line":26,"column":23}},"2":{"start":{"line":35,"column":4},"end":{"line":35,"column":27}},"3":{"start":{"line":52,"column":4},"end":{"line":52,"column":35}},"4":{"start":{"line":61,"column":4},"end":{"line":61,"column":35}},"5":{"start":{"line":62,"column":4},"end":{"line":62,"column":15}},"6":{"start":{"line":75,"column":4},"end":{"line":75,"column":33}},"7":{"start":{"line":77,"column":4},"end":{"line":77,"column":40}},"8":{"start":{"line":78,"column":4},"end":{"line":78,"column":45}},"9":{"start":{"line":79,"column":4},"end":{"line":79,"column":15}},"10":{"start":{"line":96,"column":4},"end":{"line":96,"column":47}},"11":{"start":{"line":98,"column":4},"end":{"line":98,"column":69}},"12":{"start":{"line":99,"column":4},"end":{"line":99,"column":29}},"13":{"start":{"line":100,"column":4},"end":{"line":100,"column":15}},"14":{"start":{"line":119,"column":4},"end":{"line":119,"column":33}},"15":{"start":{"line":121,"column":4},"end":{"line":121,"column":3814}},"16":{"start":{"line":123,"column":4},"end":{"line":123,"column":69}},"17":{"start":{"line":124,"column":4},"end":{"line":124,"column":15}},"18":{"start":{"line":143,"column":4},"end":{"line":143,"column":33}},"19":{"start":{"line":145,"column":4},"end":{"line":145,"column":4610}},"20":{"start":{"line":147,"column":4},"end":{"line":147,"column":69}},"21":{"start":{"line":148,"column":4},"end":{"line":148,"column":15}},"22":{"start":{"line":158,"column":4},"end":{"line":158,"column":36}},"23":{"start":{"line":159,"column":4},"end":{"line":159,"column":28}},"24":{"start":{"line":161,"column":4},"end":{"line":161,"column":47}},"25":{"start":{"line":162,"column":4},"end":{"line":162,"column":43}},"26":{"start":{"line":163,"column":4},"end":{"line":163,"column":34}},"27":{"start":{"line":174,"column":4},"end":{"line":174,"column":24}},"28":{"start":{"line":175,"column":4},"end":{"line":175,"column":41}},"29":{"start":{"line":176,"column":4},"end":{"line":176,"column":53}},"30":{"start":{"line":177,"column":4},"end":{"line":177,"column":45}},"31":{"start":{"line":187,"column":4},"end":{"line":187,"column":24}},"32":{"start":{"line":188,"column":4},"end":{"line":188,"column":39}},"33":{"start":{"line":190,"column":4},"end":{"line":190,"column":41}},"34":{"start":{"line":191,"column":4},"end":{"line":191,"column":53}},"35":{"start":{"line":192,"column":4},"end":{"line":192,"column":45}},"36":{"start":{"line":203,"column":4},"end":{"line":203,"column":50}},"37":{"start":{"line":207,"column":4},"end":{"line":207,"column":6863}},"38":{"start":{"line":209,"column":4},"end":{"line":209,"column":24}}},"branchMap":{"1":{"line":75,"type":"if","locations":[{"start":{"line":75,"column":4},"end":{"line":75,"column":4}},{"start":{"line":75,"column":4},"end":{"line":75,"column":4}}]},"2":{"line":96,"type":"if","locations":[{"start":{"line":96,"column":4},"end":{"line":96,"column":4}},{"start":{"line":96,"column":4},"end":{"line":96,"column":4}}]},"3":{"line":119,"type":"if","locations":[{"start":{"line":119,"column":4},"end":{"line":119,"column":4}},{"start":{"line":119,"column":4},"end":{"line":119,"column":4}}]},"4":{"line":143,"type":"if","locations":[{"start":{"line":143,"column":4},"end":{"line":143,"column":4}},{"start":{"line":143,"column":4},"end":{"line":143,"column":4}}]},"5":{"line":158,"type":"if","locations":[{"start":{"line":158,"column":4},"end":{"line":158,"column":4}},{"start":{"line":158,"column":4},"end":{"line":158,"column":4}}]},"6":{"line":159,"type":"if","locations":[{"start":{"line":159,"column":4},"end":{"line":159,"column":4}},{"start":{"line":159,"column":4},"end":{"line":159,"column":4}}]},"7":{"line":174,"type":"if","locations":[{"start":{"line":174,"column":4},"end":{"line":174,"column":4}},{"start":{"line":174,"column":4},"end":{"line":174,"column":4}}]},"8":{"line":187,"type":"if","locations":[{"start":{"line":187,"column":4},"end":{"line":187,"column":4}},{"start":{"line":187,"column":4},"end":{"line":187,"column":4}}]},"9":{"line":188,"type":"if","locations":[{"start":{"line":188,"column":4},"end":{"line":188,"column":4}},{"start":{"line":188,"column":4},"end":{"line":188,"column":4}}]},"10":{"line":203,"type":"if","locations":[{"start":{"line":203,"column":4},"end":{"line":203,"column":4}},{"start":{"line":203,"column":4},"end":{"line":203,"column":4}}]}}},"contracts/OpenZeppelin/token/ERC20/ERC20Detailed.sol":{"l":{"17":3,"18":3,"19":3,"26":0,"33":0,"40":0},"path":"/home/jsteer/Workspaces/TFE/source/contracts/OpenZeppelin/token/ERC20/ERC20Detailed.sol","s":{"1":3,"2":3,"3":3,"4":0,"5":0,"6":0},"b":{},"f":{"1":3,"2":0,"3":0,"4":0},"fnMap":{"1":{"name":"constructor","line":16,"loc":{"start":{"line":16,"column":2},"end":{"line":20,"column":2}}},"2":{"name":"name","line":25,"loc":{"start":{"line":25,"column":2},"end":{"line":27,"column":2}}},"3":{"name":"symbol","line":32,"loc":{"start":{"line":32,"column":2},"end":{"line":34,"column":2}}},"4":{"name":"decimals","line":39,"loc":{"start":{"line":39,"column":2},"end":{"line":41,"column":2}}}},"statementMap":{"1":{"start":{"line":17,"column":4},"end":{"line":17,"column":15}},"2":{"start":{"line":18,"column":4},"end":{"line":18,"column":19}},"3":{"start":{"line":19,"column":4},"end":{"line":19,"column":23}},"4":{"start":{"line":26,"column":4},"end":{"line":26,"column":16}},"5":{"start":{"line":33,"column":4},"end":{"line":33,"column":18}},"6":{"start":{"line":40,"column":4},"end":{"line":40,"column":20}}},"branchMap":{}},"contracts/OpenZeppelin/token/ERC20/IERC20.sol":{"l":{},"path":"/home/jsteer/Workspaces/TFE/source/contracts/OpenZeppelin/token/ERC20/IERC20.sol","s":{},"b":{},"f":{},"fnMap":{},"statementMap":{},"branchMap":{}},"contracts/OpenZeppelin/token/ERC721/ERC721.sol":{"l":{"52":6,"61":3,"62":3,"71":0,"72":0,"73":0,"85":0,"86":0,"87":0,"89":0,"90":0,"100":0,"101":0,"111":0,"112":0,"113":0,"130":0,"148":0,"149":0,"151":0,"152":0,"153":0,"155":0,"178":0,"201":0,"203":0,"212":0,"213":0,"231":0,"235":0,"249":9,"250":9,"251":9,"260":0,"261":0,"262":0,"273":9,"274":9,"275":9,"287":0,"288":0,"289":0,"310":0,"311":0,"313":0,"315":0,"325":0,"326":0,"327":0},"path":"/home/jsteer/Workspaces/TFE/source/contracts/OpenZeppelin/token/ERC721/ERC721.sol","s":{"1":6,"2":3,"3":3,"4":0,"5":0,"6":0,"7":0,"8":0,"9":0,"10":0,"11":0,"12":0,"13":0,"14":0,"15":0,"16":0,"17":0,"18":0,"19":0,"20":0,"21":0,"22":0,"23":0,"24":0,"25":0,"26":0,"27":0,"28":0,"29":0,"30":0,"31":9,"32":9,"33":9,"34":0,"35":0,"36":0,"37":9,"38":9,"39":9,"40":0,"41":0,"42":0,"43":0,"44":0,"45":0,"46":0,"47":0,"48":0,"49":0},"b":{"1":[3,0],"2":[0,0],"3":[0,0],"4":[0,0],"5":[0,0],"6":[0,0],"7":[0,0],"8":[0,0],"9":[0,0],"10":[9,0],"11":[9,0],"12":[0,0],"13":[0,0],"14":[0,0],"15":[0,0]},"f":{"1":6,"2":3,"3":0,"4":0,"5":0,"6":0,"7":0,"8":0,"9":0,"10":0,"11":0,"12":0,"13":9,"14":0,"15":9,"16":0,"17":0,"18":0},"fnMap":{"1":{"name":"constructor","line":48,"loc":{"start":{"line":48,"column":2},"end":{"line":53,"column":2}}},"2":{"name":"balanceOf","line":60,"loc":{"start":{"line":60,"column":2},"end":{"line":63,"column":2}}},"3":{"name":"ownerOf","line":70,"loc":{"start":{"line":70,"column":2},"end":{"line":74,"column":2}}},"4":{"name":"approve","line":84,"loc":{"start":{"line":84,"column":2},"end":{"line":91,"column":2}}},"5":{"name":"getApproved","line":99,"loc":{"start":{"line":99,"column":2},"end":{"line":102,"column":2}}},"6":{"name":"setApprovalForAll","line":110,"loc":{"start":{"line":110,"column":2},"end":{"line":114,"column":2}}},"7":{"name":"isApprovedForAll","line":122,"loc":{"start":{"line":122,"column":2},"end":{"line":131,"column":2}}},"8":{"name":"transferFrom","line":141,"loc":{"start":{"line":141,"column":2},"end":{"line":156,"column":2}}},"9":{"name":"safeTransferFrom","line":170,"loc":{"start":{"line":170,"column":2},"end":{"line":179,"column":2}}},"10":{"name":"safeTransferFrom","line":193,"loc":{"start":{"line":193,"column":2},"end":{"line":204,"column":2}}},"11":{"name":"_exists","line":211,"loc":{"start":{"line":211,"column":2},"end":{"line":214,"column":2}}},"12":{"name":"_isApprovedOrOwner","line":223,"loc":{"start":{"line":223,"column":2},"end":{"line":240,"column":2}}},"13":{"name":"_mint","line":248,"loc":{"start":{"line":248,"column":2},"end":{"line":252,"column":2}}},"14":{"name":"_burn","line":259,"loc":{"start":{"line":259,"column":2},"end":{"line":263,"column":2}}},"15":{"name":"_addTokenTo","line":272,"loc":{"start":{"line":272,"column":2},"end":{"line":276,"column":2}}},"16":{"name":"_removeTokenFrom","line":286,"loc":{"start":{"line":286,"column":2},"end":{"line":290,"column":2}}},"17":{"name":"_checkOnERC721Received","line":301,"loc":{"start":{"line":301,"column":2},"end":{"line":316,"column":2}}},"18":{"name":"_clearApproval","line":324,"loc":{"start":{"line":324,"column":2},"end":{"line":329,"column":2}}}},"statementMap":{"1":{"start":{"line":52,"column":4},"end":{"line":52,"column":42}},"2":{"start":{"line":61,"column":4},"end":{"line":61,"column":31}},"3":{"start":{"line":62,"column":4},"end":{"line":62,"column":35}},"4":{"start":{"line":71,"column":4},"end":{"line":71,"column":40}},"5":{"start":{"line":72,"column":4},"end":{"line":72,"column":31}},"6":{"start":{"line":73,"column":4},"end":{"line":73,"column":16}},"7":{"start":{"line":85,"column":4},"end":{"line":85,"column":36}},"8":{"start":{"line":86,"column":4},"end":{"line":86,"column":23}},"9":{"start":{"line":87,"column":4},"end":{"line":87,"column":70}},"10":{"start":{"line":89,"column":4},"end":{"line":89,"column":32}},"11":{"start":{"line":90,"column":4},"end":{"line":90,"column":37}},"12":{"start":{"line":100,"column":4},"end":{"line":100,"column":28}},"13":{"start":{"line":101,"column":4},"end":{"line":101,"column":35}},"14":{"start":{"line":111,"column":4},"end":{"line":111,"column":28}},"15":{"start":{"line":112,"column":4},"end":{"line":112,"column":48}},"16":{"start":{"line":113,"column":4},"end":{"line":113,"column":49}},"17":{"start":{"line":130,"column":4},"end":{"line":130,"column":46}},"18":{"start":{"line":148,"column":4},"end":{"line":148,"column":51}},"19":{"start":{"line":149,"column":4},"end":{"line":149,"column":28}},"20":{"start":{"line":151,"column":4},"end":{"line":151,"column":32}},"21":{"start":{"line":152,"column":4},"end":{"line":152,"column":34}},"22":{"start":{"line":153,"column":4},"end":{"line":153,"column":27}},"23":{"start":{"line":155,"column":4},"end":{"line":155,"column":36}},"24":{"start":{"line":178,"column":4},"end":{"line":178,"column":42}},"25":{"start":{"line":201,"column":4},"end":{"line":201,"column":34}},"26":{"start":{"line":203,"column":4},"end":{"line":203,"column":60}},"27":{"start":{"line":212,"column":4},"end":{"line":212,"column":40}},"28":{"start":{"line":213,"column":4},"end":{"line":213,"column":30}},"29":{"start":{"line":231,"column":4},"end":{"line":231,"column":36}},"30":{"start":{"line":235,"column":4},"end":{"line":235,"column":8084}},"31":{"start":{"line":249,"column":4},"end":{"line":249,"column":28}},"32":{"start":{"line":250,"column":4},"end":{"line":250,"column":27}},"33":{"start":{"line":251,"column":4},"end":{"line":251,"column":42}},"34":{"start":{"line":260,"column":4},"end":{"line":260,"column":33}},"35":{"start":{"line":261,"column":4},"end":{"line":261,"column":35}},"36":{"start":{"line":262,"column":4},"end":{"line":262,"column":45}},"37":{"start":{"line":273,"column":4},"end":{"line":273,"column":46}},"38":{"start":{"line":274,"column":4},"end":{"line":274,"column":28}},"39":{"start":{"line":275,"column":4},"end":{"line":275,"column":55}},"40":{"start":{"line":287,"column":4},"end":{"line":287,"column":36}},"41":{"start":{"line":288,"column":4},"end":{"line":288,"column":59}},"42":{"start":{"line":289,"column":4},"end":{"line":289,"column":36}},"43":{"start":{"line":310,"column":4},"end":{"line":310,"column":11003}},"44":{"start":{"line":311,"column":6},"end":{"line":311,"column":17}},"45":{"start":{"line":313,"column":4},"end":{"line":313,"column":11091}},"46":{"start":{"line":315,"column":4},"end":{"line":315,"column":39}},"47":{"start":{"line":325,"column":4},"end":{"line":325,"column":37}},"48":{"start":{"line":326,"column":4},"end":{"line":326,"column":11564}},"49":{"start":{"line":327,"column":6},"end":{"line":327,"column":42}}},"branchMap":{"1":{"line":61,"type":"if","locations":[{"start":{"line":61,"column":4},"end":{"line":61,"column":4}},{"start":{"line":61,"column":4},"end":{"line":61,"column":4}}]},"2":{"line":72,"type":"if","locations":[{"start":{"line":72,"column":4},"end":{"line":72,"column":4}},{"start":{"line":72,"column":4},"end":{"line":72,"column":4}}]},"3":{"line":86,"type":"if","locations":[{"start":{"line":86,"column":4},"end":{"line":86,"column":4}},{"start":{"line":86,"column":4},"end":{"line":86,"column":4}}]},"4":{"line":87,"type":"if","locations":[{"start":{"line":87,"column":4},"end":{"line":87,"column":4}},{"start":{"line":87,"column":4},"end":{"line":87,"column":4}}]},"5":{"line":100,"type":"if","locations":[{"start":{"line":100,"column":4},"end":{"line":100,"column":4}},{"start":{"line":100,"column":4},"end":{"line":100,"column":4}}]},"6":{"line":111,"type":"if","locations":[{"start":{"line":111,"column":4},"end":{"line":111,"column":4}},{"start":{"line":111,"column":4},"end":{"line":111,"column":4}}]},"7":{"line":148,"type":"if","locations":[{"start":{"line":148,"column":4},"end":{"line":148,"column":4}},{"start":{"line":148,"column":4},"end":{"line":148,"column":4}}]},"8":{"line":149,"type":"if","locations":[{"start":{"line":149,"column":4},"end":{"line":149,"column":4}},{"start":{"line":149,"column":4},"end":{"line":149,"column":4}}]},"9":{"line":203,"type":"if","locations":[{"start":{"line":203,"column":4},"end":{"line":203,"column":4}},{"start":{"line":203,"column":4},"end":{"line":203,"column":4}}]},"10":{"line":249,"type":"if","locations":[{"start":{"line":249,"column":4},"end":{"line":249,"column":4}},{"start":{"line":249,"column":4},"end":{"line":249,"column":4}}]},"11":{"line":273,"type":"if","locations":[{"start":{"line":273,"column":4},"end":{"line":273,"column":4}},{"start":{"line":273,"column":4},"end":{"line":273,"column":4}}]},"12":{"line":287,"type":"if","locations":[{"start":{"line":287,"column":4},"end":{"line":287,"column":4}},{"start":{"line":287,"column":4},"end":{"line":287,"column":4}}]},"13":{"line":310,"type":"if","locations":[{"start":{"line":310,"column":4},"end":{"line":310,"column":4}},{"start":{"line":310,"column":4},"end":{"line":310,"column":4}}]},"14":{"line":325,"type":"if","locations":[{"start":{"line":325,"column":4},"end":{"line":325,"column":4}},{"start":{"line":325,"column":4},"end":{"line":325,"column":4}}]},"15":{"line":326,"type":"if","locations":[{"start":{"line":326,"column":4},"end":{"line":326,"column":4}},{"start":{"line":326,"column":4},"end":{"line":326,"column":4}}]}}},"contracts/OpenZeppelin/token/ERC721/ERC721Enumerable.sol":{"l":{"33":6,"50":0,"51":0,"59":0,"69":0,"70":0,"81":9,"82":9,"83":9,"84":9,"96":0,"100":0,"101":0,"102":0,"104":0,"106":0,"112":0,"113":0,"123":9,"125":9,"126":9,"136":0,"139":0,"140":0,"141":0,"143":0,"144":0,"146":0,"147":0,"148":0},"path":"/home/jsteer/Workspaces/TFE/source/contracts/OpenZeppelin/token/ERC721/ERC721Enumerable.sol","s":{"1":6,"2":0,"3":0,"4":0,"5":0,"6":0,"7":9,"8":9,"9":9,"10":9,"11":0,"12":0,"13":0,"14":0,"15":0,"16":0,"17":0,"18":9,"19":9,"20":9,"21":0,"22":0,"23":0,"24":0,"25":0,"26":0,"27":0,"28":0},"b":{"1":[0,0],"2":[0,0]},"f":{"1":6,"2":0,"3":0,"4":0,"5":9,"6":0,"7":9,"8":0},"fnMap":{"1":{"name":"constructor","line":31,"loc":{"start":{"line":31,"column":2},"end":{"line":34,"column":2}}},"2":{"name":"tokenOfOwnerByIndex","line":42,"loc":{"start":{"line":42,"column":2},"end":{"line":52,"column":2}}},"3":{"name":"totalSupply","line":58,"loc":{"start":{"line":58,"column":2},"end":{"line":60,"column":2}}},"4":{"name":"tokenByIndex","line":68,"loc":{"start":{"line":68,"column":2},"end":{"line":71,"column":2}}},"5":{"name":"_addTokenTo","line":80,"loc":{"start":{"line":80,"column":2},"end":{"line":85,"column":2}}},"6":{"name":"_removeTokenFrom","line":95,"loc":{"start":{"line":95,"column":2},"end":{"line":114,"column":2}}},"7":{"name":"_mint","line":122,"loc":{"start":{"line":122,"column":2},"end":{"line":127,"column":2}}},"8":{"name":"_burn","line":135,"loc":{"start":{"line":135,"column":2},"end":{"line":149,"column":2}}}},"statementMap":{"1":{"start":{"line":33,"column":4},"end":{"line":33,"column":52}},"2":{"start":{"line":50,"column":4},"end":{"line":50,"column":36}},"3":{"start":{"line":51,"column":4},"end":{"line":51,"column":37}},"4":{"start":{"line":59,"column":4},"end":{"line":59,"column":28}},"5":{"start":{"line":69,"column":4},"end":{"line":69,"column":33}},"6":{"start":{"line":70,"column":4},"end":{"line":70,"column":28}},"7":{"start":{"line":81,"column":4},"end":{"line":81,"column":33}},"8":{"start":{"line":82,"column":4},"end":{"line":82,"column":44}},"9":{"start":{"line":83,"column":4},"end":{"line":83,"column":33}},"10":{"start":{"line":84,"column":4},"end":{"line":84,"column":38}},"11":{"start":{"line":96,"column":4},"end":{"line":96,"column":40}},"12":{"start":{"line":100,"column":4},"end":{"line":100,"column":51}},"13":{"start":{"line":101,"column":4},"end":{"line":101,"column":61}},"14":{"start":{"line":102,"column":4},"end":{"line":102,"column":58}},"15":{"start":{"line":104,"column":4},"end":{"line":104,"column":45}},"16":{"start":{"line":112,"column":4},"end":{"line":112,"column":33}},"17":{"start":{"line":113,"column":4},"end":{"line":113,"column":44}},"18":{"start":{"line":123,"column":4},"end":{"line":123,"column":27}},"19":{"start":{"line":125,"column":4},"end":{"line":125,"column":47}},"20":{"start":{"line":126,"column":4},"end":{"line":126,"column":27}},"21":{"start":{"line":136,"column":4},"end":{"line":136,"column":30}},"22":{"start":{"line":139,"column":4},"end":{"line":139,"column":49}},"23":{"start":{"line":140,"column":4},"end":{"line":140,"column":53}},"24":{"start":{"line":141,"column":4},"end":{"line":141,"column":50}},"25":{"start":{"line":143,"column":4},"end":{"line":143,"column":37}},"26":{"start":{"line":144,"column":4},"end":{"line":144,"column":33}},"27":{"start":{"line":147,"column":4},"end":{"line":147,"column":31}},"28":{"start":{"line":148,"column":4},"end":{"line":148,"column":42}}},"branchMap":{"1":{"line":50,"type":"if","locations":[{"start":{"line":50,"column":4},"end":{"line":50,"column":4}},{"start":{"line":50,"column":4},"end":{"line":50,"column":4}}]},"2":{"line":69,"type":"if","locations":[{"start":{"line":69,"column":4},"end":{"line":69,"column":4}},{"start":{"line":69,"column":4},"end":{"line":69,"column":4}}]}}},"contracts/OpenZeppelin/token/ERC721/ERC721Full.sol":{"l":{},"path":"/home/jsteer/Workspaces/TFE/source/contracts/OpenZeppelin/token/ERC721/ERC721Full.sol","s":{},"b":{},"f":{"1":6},"fnMap":{"1":{"name":"constructor","line":14,"loc":{"start":{"line":14,"column":2},"end":{"line":17,"column":2}}}},"statementMap":{},"branchMap":{}},"contracts/OpenZeppelin/token/ERC721/ERC721Metadata.sol":{"l":{"29":6,"30":6,"33":6,"41":0,"49":0,"58":0,"59":0,"69":0,"70":0,"80":0,"83":0,"84":0},"path":"/home/jsteer/Workspaces/TFE/source/contracts/OpenZeppelin/token/ERC721/ERC721Metadata.sol","s":{"1":6,"2":6,"3":6,"4":0,"5":0,"6":0,"7":0,"8":0,"9":0,"10":0,"11":0},"b":{"1":[0,0],"2":[0,0],"3":[0,0]},"f":{"1":6,"2":0,"3":0,"4":0,"5":0,"6":0},"fnMap":{"1":{"name":"constructor","line":28,"loc":{"start":{"line":28,"column":2},"end":{"line":34,"column":2}}},"2":{"name":"name","line":40,"loc":{"start":{"line":40,"column":2},"end":{"line":42,"column":2}}},"3":{"name":"symbol","line":48,"loc":{"start":{"line":48,"column":2},"end":{"line":50,"column":2}}},"4":{"name":"tokenURI","line":57,"loc":{"start":{"line":57,"column":2},"end":{"line":60,"column":2}}},"5":{"name":"_setTokenURI","line":68,"loc":{"start":{"line":68,"column":2},"end":{"line":71,"column":2}}},"6":{"name":"_burn","line":79,"loc":{"start":{"line":79,"column":2},"end":{"line":86,"column":2}}}},"statementMap":{"1":{"start":{"line":29,"column":4},"end":{"line":29,"column":15}},"2":{"start":{"line":30,"column":4},"end":{"line":30,"column":19}},"3":{"start":{"line":33,"column":4},"end":{"line":33,"column":49}},"4":{"start":{"line":41,"column":4},"end":{"line":41,"column":16}},"5":{"start":{"line":49,"column":4},"end":{"line":49,"column":18}},"6":{"start":{"line":58,"column":4},"end":{"line":58,"column":28}},"7":{"start":{"line":59,"column":4},"end":{"line":59,"column":30}},"8":{"start":{"line":69,"column":4},"end":{"line":69,"column":28}},"9":{"start":{"line":70,"column":4},"end":{"line":70,"column":28}},"10":{"start":{"line":80,"column":4},"end":{"line":80,"column":30}},"11":{"start":{"line":83,"column":4},"end":{"line":83,"column":2211}}},"branchMap":{"1":{"line":58,"type":"if","locations":[{"start":{"line":58,"column":4},"end":{"line":58,"column":4}},{"start":{"line":58,"column":4},"end":{"line":58,"column":4}}]},"2":{"line":69,"type":"if","locations":[{"start":{"line":69,"column":4},"end":{"line":69,"column":4}},{"start":{"line":69,"column":4},"end":{"line":69,"column":4}}]},"3":{"line":83,"type":"if","locations":[{"start":{"line":83,"column":4},"end":{"line":83,"column":4}},{"start":{"line":83,"column":4},"end":{"line":83,"column":4}}]}}},"contracts/OpenZeppelin/token/ERC721/IERC721.sol":{"l":{},"path":"/home/jsteer/Workspaces/TFE/source/contracts/OpenZeppelin/token/ERC721/IERC721.sol","s":{},"b":{},"f":{},"fnMap":{},"statementMap":{},"branchMap":{}},"contracts/OpenZeppelin/token/ERC721/IERC721Enumerable.sol":{"l":{},"path":"/home/jsteer/Workspaces/TFE/source/contracts/OpenZeppelin/token/ERC721/IERC721Enumerable.sol","s":{},"b":{},"f":{},"fnMap":{},"statementMap":{},"branchMap":{}},"contracts/OpenZeppelin/token/ERC721/IERC721Full.sol":{"l":{},"path":"/home/jsteer/Workspaces/TFE/source/contracts/OpenZeppelin/token/ERC721/IERC721Full.sol","s":{},"b":{},"f":{},"fnMap":{},"statementMap":{},"branchMap":{}},"contracts/OpenZeppelin/token/ERC721/IERC721Metadata.sol":{"l":{},"path":"/home/jsteer/Workspaces/TFE/source/contracts/OpenZeppelin/token/ERC721/IERC721Metadata.sol","s":{},"b":{},"f":{},"fnMap":{},"statementMap":{},"branchMap":{}},"contracts/OpenZeppelin/token/ERC721/IERC721Receiver.sol":{"l":{},"path":"/home/jsteer/Workspaces/TFE/source/contracts/OpenZeppelin/token/ERC721/IERC721Receiver.sol","s":{},"b":{},"f":{},"fnMap":{},"statementMap":{},"branchMap":{}},"contracts/OpenZeppelin/utils/Address.sol":{"l":{"16":0,"24":0,"25":0},"path":"/home/jsteer/Workspaces/TFE/source/contracts/OpenZeppelin/utils/Address.sol","s":{"1":0,"2":0},"b":{},"f":{"1":0},"fnMap":{"1":{"name":"isContract","line":15,"loc":{"start":{"line":15,"column":2},"end":{"line":26,"column":2}}}},"statementMap":{"1":{"start":{"line":16,"column":4},"end":{"line":16,"column":16}},"2":{"start":{"line":25,"column":4},"end":{"line":25,"column":19}}},"branchMap":{}},"contracts/Parcela.sol":{"l":{"13":6,"14":6,"15":6,"16":6,"17":6,"18":6,"19":6,"20":6,"24":6},"path":"/home/jsteer/Workspaces/TFE/source/contracts/Parcela.sol","s":{"1":6,"2":6,"3":6,"4":6,"5":6,"6":6,"7":6,"8":6,"9":6},"b":{"1":[6,0],"2":[6,0],"3":[6,0]},"f":{"1":3,"2":6,"3":6},"fnMap":{"1":{"name":"constructor","line":10,"loc":{"start":{"line":10,"column":4},"end":{"line":10,"column":64}}},"2":{"name":"crearParcela","line":12,"loc":{"start":{"line":12,"column":4},"end":{"line":21,"column":4}}},"3":{"name":"getParcela","line":23,"loc":{"start":{"line":23,"column":4},"end":{"line":25,"column":4}}}},"statementMap":{"1":{"start":{"line":13,"column":8},"end":{"line":13,"column":36}},"2":{"start":{"line":14,"column":8},"end":{"line":14,"column":48}},"3":{"start":{"line":15,"column":8},"end":{"line":15,"column":53}},"4":{"start":{"line":16,"column":8},"end":{"line":16,"column":37}},"5":{"start":{"line":17,"column":8},"end":{"line":17,"column":41}},"6":{"start":{"line":18,"column":8},"end":{"line":18,"column":29}},"7":{"start":{"line":19,"column":8},"end":{"line":19,"column":29}},"8":{"start":{"line":20,"column":8},"end":{"line":20,"column":51}},"9":{"start":{"line":24,"column":8},"end":{"line":24,"column":84}}},"branchMap":{"1":{"line":13,"type":"if","locations":[{"start":{"line":13,"column":8},"end":{"line":13,"column":8}},{"start":{"line":13,"column":8},"end":{"line":13,"column":8}}]},"2":{"line":14,"type":"if","locations":[{"start":{"line":14,"column":8},"end":{"line":14,"column":8}},{"start":{"line":14,"column":8},"end":{"line":14,"column":8}}]},"3":{"line":15,"type":"if","locations":[{"start":{"line":15,"column":8},"end":{"line":15,"column":8}},{"start":{"line":15,"column":8},"end":{"line":15,"column":8}}]}}},"contracts/Propietarios.sol":{"l":{"22":3,"26":6,"27":3,"29":3,"33":3,"37":3,"38":3,"39":3,"40":3,"41":3,"45":6,"46":6,"50":3,"51":3,"52":3,"56":0,"57":0,"61":6,"62":0,"64":6,"68":13,"72":0,"76":0,"77":0,"78":0,"82":6,"83":6,"84":6,"85":6,"86":6,"90":6,"91":6,"92":6,"93":15,"94":15,"96":6,"97":6,"98":6},"path":"/home/jsteer/Workspaces/TFE/source/contracts/Propietarios.sol","s":{"1":3,"2":6,"3":3,"4":3,"5":3,"6":3,"7":3,"8":3,"9":3,"10":3,"11":6,"12":6,"13":3,"14":3,"15":3,"16":0,"17":0,"18":6,"19":0,"20":6,"21":13,"22":0,"23":0,"24":0,"25":0,"26":6,"27":6,"28":6,"29":6,"30":6,"31":6,"32":6,"33":6,"34":15,"35":15,"36":6},"b":{"1":[3,3],"2":[3,0],"3":[0,6],"4":[6,0],"5":[6,0]},"f":{"1":3,"2":6,"3":3,"4":3,"5":6,"6":3,"7":0,"8":6,"9":13,"10":0,"11":0,"12":6,"13":6},"fnMap":{"1":{"name":"constructor","line":21,"loc":{"start":{"line":21,"column":4},"end":{"line":23,"column":4}}},"2":{"name":"existePropietario","line":25,"loc":{"start":{"line":25,"column":4},"end":{"line":30,"column":4}}},"3":{"name":"obtenerFumi","line":32,"loc":{"start":{"line":32,"column":4},"end":{"line":34,"column":4}}},"4":{"name":"crearPropietario","line":36,"loc":{"start":{"line":36,"column":4},"end":{"line":42,"column":4}}},"5":{"name":"getPropietarioNombre","line":44,"loc":{"start":{"line":44,"column":4},"end":{"line":47,"column":4}}},"6":{"name":"setPropietarioNombre","line":49,"loc":{"start":{"line":49,"column":4},"end":{"line":53,"column":4}}},"7":{"name":"getPropietarioAddress","line":55,"loc":{"start":{"line":55,"column":4},"end":{"line":58,"column":4}}},"8":{"name":"isParcelaEnSolicitud","line":60,"loc":{"start":{"line":60,"column":4},"end":{"line":65,"column":4}}},"9":{"name":"getNumeroSolicitudes","line":67,"loc":{"start":{"line":67,"column":4},"end":{"line":69,"column":4}}},"10":{"name":"getSolicitudTrabajoIdByIndex","line":71,"loc":{"start":{"line":71,"column":4},"end":{"line":73,"column":4}}},"11":{"name":"getSolicitudTrabajo","line":75,"loc":{"start":{"line":75,"column":4},"end":{"line":79,"column":4}}},"12":{"name":"solicitarTrabajo","line":81,"loc":{"start":{"line":81,"column":4},"end":{"line":87,"column":4}}},"13":{"name":"eliminarSolicitudTrabajo","line":89,"loc":{"start":{"line":89,"column":4},"end":{"line":99,"column":4}}}},"statementMap":{"1":{"start":{"line":22,"column":8},"end":{"line":22,"column":45}},"2":{"start":{"line":26,"column":8},"end":{"line":26,"column":762}},"3":{"start":{"line":27,"column":12},"end":{"line":27,"column":23}},"4":{"start":{"line":29,"column":12},"end":{"line":29,"column":24}},"5":{"start":{"line":33,"column":8},"end":{"line":33,"column":38}},"6":{"start":{"line":37,"column":8},"end":{"line":37,"column":57}},"7":{"start":{"line":38,"column":8},"end":{"line":38,"column":62}},"8":{"start":{"line":39,"column":8},"end":{"line":39,"column":74}},"9":{"start":{"line":40,"column":8},"end":{"line":40,"column":50}},"10":{"start":{"line":41,"column":8},"end":{"line":41,"column":20}},"11":{"start":{"line":45,"column":8},"end":{"line":45,"column":46}},"12":{"start":{"line":46,"column":8},"end":{"line":46,"column":37}},"13":{"start":{"line":50,"column":8},"end":{"line":50,"column":41}},"14":{"start":{"line":51,"column":8},"end":{"line":51,"column":46}},"15":{"start":{"line":52,"column":8},"end":{"line":52,"column":38}},"16":{"start":{"line":56,"column":8},"end":{"line":56,"column":49}},"17":{"start":{"line":57,"column":8},"end":{"line":57,"column":27}},"18":{"start":{"line":61,"column":8},"end":{"line":61,"column":1906}},"19":{"start":{"line":62,"column":12},"end":{"line":62,"column":23}},"20":{"start":{"line":64,"column":12},"end":{"line":64,"column":24}},"21":{"start":{"line":68,"column":8},"end":{"line":68,"column":41}},"22":{"start":{"line":72,"column":8},"end":{"line":72,"column":88}},"23":{"start":{"line":76,"column":8},"end":{"line":76,"column":49}},"24":{"start":{"line":77,"column":8},"end":{"line":77,"column":52}},"25":{"start":{"line":78,"column":8},"end":{"line":78,"column":99}},"26":{"start":{"line":82,"column":8},"end":{"line":82,"column":48}},"27":{"start":{"line":83,"column":8},"end":{"line":83,"column":79}},"28":{"start":{"line":84,"column":8},"end":{"line":84,"column":59}},"29":{"start":{"line":85,"column":8},"end":{"line":85,"column":51}},"30":{"start":{"line":86,"column":8},"end":{"line":86,"column":49}},"31":{"start":{"line":90,"column":8},"end":{"line":90,"column":62}},"32":{"start":{"line":91,"column":8},"end":{"line":91,"column":50}},"33":{"start":{"line":92,"column":8},"end":{"line":92,"column":3202}},"34":{"start":{"line":93,"column":12},"end":{"line":93,"column":60}},"35":{"start":{"line":94,"column":12},"end":{"line":94,"column":76}},"36":{"start":{"line":97,"column":8},"end":{"line":97,"column":64}}},"branchMap":{"1":{"line":26,"type":"if","locations":[{"start":{"line":26,"column":8},"end":{"line":26,"column":8}},{"start":{"line":26,"column":8},"end":{"line":26,"column":8}}]},"2":{"line":50,"type":"if","locations":[{"start":{"line":50,"column":8},"end":{"line":50,"column":8}},{"start":{"line":50,"column":8},"end":{"line":50,"column":8}}]},"3":{"line":61,"type":"if","locations":[{"start":{"line":61,"column":8},"end":{"line":61,"column":8}},{"start":{"line":61,"column":8},"end":{"line":61,"column":8}}]},"4":{"line":82,"type":"if","locations":[{"start":{"line":82,"column":8},"end":{"line":82,"column":8}},{"start":{"line":82,"column":8},"end":{"line":82,"column":8}}]},"5":{"line":91,"type":"if","locations":[{"start":{"line":91,"column":8},"end":{"line":91,"column":8}},{"start":{"line":91,"column":8},"end":{"line":91,"column":8}}]}}}}